<?xml version="1.0" encoding="UTF-8"?>
<!-- Generated by org.testng.reporters.JUnitReportReporter -->
<testsuite hostname="DESKTOP-GBULVLT" name="com.phipgn.selenium.demo.DemoTest" tests="1" failures="0" timestamp="26 Aug 2020 13:56:05 GMT" time="0.008" errors="0">
  <testcase name="test01" time="0.008" classname="com.phipgn.selenium.demo.DemoTest"/>
</testsuite>
