<?xml version="1.0" encoding="UTF-8"?>
<!-- Generated by org.testng.reporters.JUnitReportReporter -->
<testsuite hostname="DESKTOP-GBULVLT" name="com.phipgn.selenium.demo.NewTest" tests="1" failures="0" timestamp="26 Aug 2020 12:28:07 GMT" time="0.003" errors="0">
  <testcase name="f" time="0.003" classname="com.phipgn.selenium.demo.NewTest"/>
</testsuite>
