<?xml version="1.0" encoding="UTF-8"?>
<!-- Generated by org.testng.reporters.JUnitReportReporter -->
<testsuite hostname="DESKTOP-OEJDNGS" name="com.phipgn.selenium.tests.DemoTest" tests="2" failures="0" timestamp="6 Sep 2020 02:31:31 GMT" time="0.025" errors="0">
  <testcase name="test01" time="0.011" classname="com.phipgn.selenium.tests.DemoTest"/>
  <testcase name="test02" time="0.014" classname="com.phipgn.selenium.tests.DemoTest"/>
</testsuite> <!-- com.phipgn.selenium.tests.DemoTest -->
